Fri, Mar  3, 2017  9:23:46 AM
npm install --save-dev ember-cli-windows-addon

> ember-cli-windows-addon@1.3.1 postinstall C:\Users\David Fung\ahk\projects\message-board\node_modules\ember-cli-windows-addon
> ember windows || echo If running on Windows, please execute 'ember windows' from the Ember CLI

If running on Windows, please execute 'ember windows' from the Ember CLI
message-board@0.0.0 C:\Users\David Fung\ahk\projects\message-board
+-- ember-cli@2.11.1
| +-- ember-try@0.2.10
| | `-- cli-table2@0.2.0
| |   `-- colors@1.1.2 
| `-- testem@1.15.0
|   `-- tap-parser@5.3.3
|     `-- readable-stream@2.2.3 
`-- ember-cli-windows-addon@1.3.1 
  +-- ember-cli-windows@2.1.6 
  | +-- prompt@1.0.0 
  | | +-- colors@1.1.2 
  | | +-- pkginfo@0.4.0 
  | | +-- read@1.0.7 
  | | +-- revalidator@0.1.8 
  | | +-- utile@0.3.0 
  | | | +-- async@0.9.2 
  | | | +-- deep-equal@0.2.2 
  | | | +-- i@0.3.5 
  | | | `-- ncp@1.0.1 
  | | `-- winston@2.1.1 
  | |   +-- async@1.0.0 
  | |   +-- cycle@1.0.3 
  | |   +-- eyes@0.1.8 
  | |   +-- isstream@0.1.2 
  | |   +-- pkginfo@0.3.1 
  | |   `-- stack-trace@0.0.9 
  | `-- zousan@2.3.3 
  `-- touch@0.0.3 
    `-- nopt@1.0.10 

Fri, Mar  3, 2017  9:24:55 AM
ember windows
ember-cli-windows v2.1.6

Configuring Defender

Configuring Search

Finished Search Configuration.

Finished Search Configuration.

Finished Defender Configuration.

Finished Defender Configuration.

Fri, Mar  3, 2017  9:25:21 AM
ember install emberfire
[?25l[?25h[?25hInstalled packages for tooling via npm.
[?25hinstalling emberfire
[?25h  create app\adapters\application.js
[?25h
EmberFire installed.

CONFIGURATION REQUIRED

Please update config/environment.js with your firebase settings. You can find these at https://console.firebase.google.com/ by clicking the [Add Firebase to your web app] button on the project overview panel.

Example:

// config/environment.js
var ENV = {
  locationType: 'auto',
  // ...
  firebase: {
    apiKey: 'xyz',
    authDomain: 'YOUR-FIREBASE-APP.firebaseapp.com',
    databaseURL: 'https://YOUR-FIREBASE-APP.firebaseio.com',
    storageBucket: 'YOUR-FIREBASE-APP.appspot.com',
  },


  // if using ember-cli-content-security-policy
  contentSecurityPolicy: {
    'script-src': "'self' 'unsafe-eval' apis.google.com",
    'frame-src': "'self' https://*.firebaseapp.com",
    'connect-src': "'self' wss://*.firebaseio.com https://*.googleapis.com"
  },


[?25h[?25hInstalled addon package.
Fri, Mar  3, 2017  9:26:13 AM
ember install ember-bootstrap
[?25l[?25h[?25hInstalled packages for tooling via npm.
[?25hinstalling ember-bootstrap
[?25h  install package bootstrap
[?25l[?25h  install bower package bootstrap
[?25l[?25h  cached https://github.com/twbs/bootstrap.git#3.3.7
[?25h  cached https://github.com/jquery/jquery-dist.git#3.1.1
[?25h[?25hInstalled packages for tooling via npm.
[?25h[?25hInstalled browser packages via Bower.
[?25h[?25hInstalled addon package.
Fri, Mar  3, 2017  9:27:03 AM
